Started by user [8mha:AAAAmh+LCAAAAAAAAP9b85aBtbiIQTGjNKU4P08vOT+vOD8nVc83PyU1x6OyILUoJzMv2y+/JJUBAhiZGBgqihhk0NSjKDWzXb3RdlLBUSYGJk8GtpzUvPSSDB8G5tKinBIGIZ+sxLJE/ZzEvHT94JKizLx0a6BxUmjGOUNodHsLgAyeEgY+/dLi1CL93KyM/LS0XCMANaB+2cMAAAA=[0mMatt Hoffman
Building in workspace /home/mjhoffm2/.jenkins/jobs/testjob/workspace
Checking out a fresh workspace because /home/mjhoffm2/.jenkins/jobs/testjob/workspace/.trunk doesn't exist
Cleaning local Directory .trunk
Checking out https://subversion.ews.illinois.edu/svn/fa15-cs427/_projects/mjhoffm2_saraf3/mp3 at revision '2015-10-18T17:26:22.859 -0500'
A         trunk
AU        trunk/pair_config.xml
A         trunk/src
A         trunk/src/test
A         trunk/src/test/java
A         trunk/src/test/java/edu
A         trunk/src/test/java/edu/illinois
A         trunk/src/test/java/edu/illinois/cs427
A         trunk/src/test/java/edu/illinois/cs427/mp3
A         trunk/src/test/java/edu/illinois/cs427/mp3/LibraryTest.java
A         trunk/src/test/java/edu/illinois/cs427/mp3/BookTest.java
A         trunk/src/test/java/edu/illinois/cs427/mp3/CollectionTest.java
A         trunk/src/test/resources
A         trunk/src/test/resources/temp.txt
A         trunk/src/main
A         trunk/src/main/java
A         trunk/src/main/java/edu
A         trunk/src/main/java/edu/illinois
A         trunk/src/main/java/edu/illinois/cs427
A         trunk/src/main/java/edu/illinois/cs427/mp3
A         trunk/src/main/java/edu/illinois/cs427/mp3/Library.java
A         trunk/src/main/java/edu/illinois/cs427/mp3/Element.java
A         trunk/src/main/java/edu/illinois/cs427/mp3/Book.java
A         trunk/src/main/java/edu/illinois/cs427/mp3/Collection.java
AU        trunk/mp3_maven_config.xml
A         trunk/pom.xml
AU        trunk/jenkins_coverage.xml
A         branches
A         tags
A         tags/mp3submitted
AU        tags/mp3submitted/pair_config.xml
A         tags/mp3submitted/src
A         tags/mp3submitted/src/test
A         tags/mp3submitted/src/test/java
A         tags/mp3submitted/src/test/java/edu
A         tags/mp3submitted/src/test/java/edu/illinois
A         tags/mp3submitted/src/test/java/edu/illinois/cs427
A         tags/mp3submitted/src/test/java/edu/illinois/cs427/mp3
A         tags/mp3submitted/src/test/java/edu/illinois/cs427/mp3/LibraryTest.java
A         tags/mp3submitted/src/test/java/edu/illinois/cs427/mp3/BookTest.java
A         tags/mp3submitted/src/test/java/edu/illinois/cs427/mp3/CollectionTest.java
A         tags/mp3submitted/src/test/resources
A         tags/mp3submitted/src/test/resources/temp.txt
A         tags/mp3submitted/src/main
A         tags/mp3submitted/src/main/java
A         tags/mp3submitted/src/main/java/edu
A         tags/mp3submitted/src/main/java/edu/illinois
A         tags/mp3submitted/src/main/java/edu/illinois/cs427
A         tags/mp3submitted/src/main/java/edu/illinois/cs427/mp3
A         tags/mp3submitted/src/main/java/edu/illinois/cs427/mp3/Library.java
A         tags/mp3submitted/src/main/java/edu/illinois/cs427/mp3/Element.java
A         tags/mp3submitted/src/main/java/edu/illinois/cs427/mp3/Book.java
A         tags/mp3submitted/src/main/java/edu/illinois/cs427/mp3/Collection.java
AU        tags/mp3submitted/mp3_maven_config.xml
A         tags/mp3submitted/pom.xml
AU        tags/mp3submitted/jenkins_coverage.xml
At revision 15698
[.trunk] $ mvn verify
[INFO] Scanning for projects...
[INFO] ------------------------------------------------------------------------
[INFO] BUILD FAILURE
[INFO] ------------------------------------------------------------------------
[INFO] Total time: 0.107s
[INFO] Finished at: Sun Oct 18 17:26:27 CDT 2015
[INFO] Final Memory: 5M/57M
[INFO] ------------------------------------------------------------------------
[8mha:AAAAYB+LCAAAAAAAAP9b85aBtbiIQSmjNKU4P0+vJLE4u1gvPjexLDVPzxdEuhYV5Rf55ZekOlc7RKnPKH7IxMBQUcQgBdWQnJ9XnJ+TqucMoUEKGSCAEaSwAACsNFCqYAAAAA==[0m[ERROR] The goal you specified requires a project to execute but there is no POM in this directory (/home/mjhoffm2/.jenkins/jobs/testjob/workspace/.trunk). Please verify you invoked Maven from the correct directory. -> [Help 1]
[8mha:AAAAYB+LCAAAAAAAAP9b85aBtbiIQSmjNKU4P0+vJLE4u1gvPjexLDVPzxdEuhYV5Rf55ZekOlc7RKnPKH7IxMBQUcQgBdWQnJ9XnJ+TqucMoUEKGSCAEaSwAACsNFCqYAAAAA==[0m[ERROR] 
[8mha:AAAAYB+LCAAAAAAAAP9b85aBtbiIQSmjNKU4P0+vJLE4u1gvPjexLDVPzxdEuhYV5Rf55ZekOlc7RKnPKH7IxMBQUcQgBdWQnJ9XnJ+TqucMoUEKGSCAEaSwAACsNFCqYAAAAA==[0m[ERROR] To see the full stack trace of the errors, re-run Maven with the -e switch.
[8mha:AAAAYB+LCAAAAAAAAP9b85aBtbiIQSmjNKU4P0+vJLE4u1gvPjexLDVPzxdEuhYV5Rf55ZekOlc7RKnPKH7IxMBQUcQgBdWQnJ9XnJ+TqucMoUEKGSCAEaSwAACsNFCqYAAAAA==[0m[ERROR] Re-run Maven using the -X switch to enable full debug logging.
[8mha:AAAAYB+LCAAAAAAAAP9b85aBtbiIQSmjNKU4P0+vJLE4u1gvPjexLDVPzxdEuhYV5Rf55ZekOlc7RKnPKH7IxMBQUcQgBdWQnJ9XnJ+TqucMoUEKGSCAEaSwAACsNFCqYAAAAA==[0m[ERROR] 
[8mha:AAAAYB+LCAAAAAAAAP9b85aBtbiIQSmjNKU4P0+vJLE4u1gvPjexLDVPzxdEuhYV5Rf55ZekOlc7RKnPKH7IxMBQUcQgBdWQnJ9XnJ+TqucMoUEKGSCAEaSwAACsNFCqYAAAAA==[0m[ERROR] For more information about the errors and possible solutions, please read the following articles:
[8mha:AAAAYB+LCAAAAAAAAP9b85aBtbiIQSmjNKU4P0+vJLE4u1gvPjexLDVPzxdEuhYV5Rf55ZekOlc7RKnPKH7IxMBQUcQgBdWQnJ9XnJ+TqucMoUEKGSCAEaSwAACsNFCqYAAAAA==[0m[ERROR] [Help 1] http://cwiki.apache.org/confluence/display/MAVEN/MissingProjectException
Build step 'Invoke top-level Maven targets' marked build as failure
Recording test results
ERROR: Publisher 'Publish JUnit test result report' failed: No test report files were found. Configuration error?
[8mha:AAAAWB+LCAAAAAAAAP9b85aBtbiIQSmjNKU4P08vOT+vOD8nVc8DzHWtSE4tKMnMz/PLL0ldFVf2c+b/lb5MDAwVRQxSaBqcITRIIQMEMIIUFgAAckCEiWAAAAA=[0mFinished: FAILURE
